BUS3  KS  HHZ  35 14.9160N129  6.7440E 117
CGDA  KS  HHZ  35 39.7680N128 40.2180E 147
CSOA  KS  HHZ  36 23.2680N129  5.1240E 258
DAGA  KS  HHZ  35 52.7280N128 39.1620E 108
EUSB  KS  HHZ  36 21.3660N128 41.3220E 142
GGDA  KS  HHZ  35 56.9940N129 15.1860E  75
GGGA  KS  HHZ  36 21.8220N129 23.4480E 129
GIGA  KS  HHZ  36  4.1340N129 11.9760E 100
GSNA  KS  HHZ  35 45.4560N129  0.6540E 217
GUWB  KS  HHZ  36 10.9440N128 35.5920E  93
HMGA  KS  HHZ  36  4.5660N129 33.9960E  79
JEJB  KS  HHZ  35 38.2440N129 26.4660E  10
JKJA  KS  HHZ  36 14.5260N129 12.9060E 422
JNYA  KS  HHZ  35 16.9320N128 43.0500E  68
JUCA  KS  HHZ  35 14.5380N128 49.6800E  71
MLGA  KS  HHZ  35 18.6780N128 59.8200E  54
MSNA  KS  HHZ  35 35.3040N128 57.2340E 272
SNNA  KS  HHZ  36  3.0120N128 42.6660E 303
UNCA  KS  HHZ  35 28.1700N129 14.3700E  93
USN2  KS  HHZ  35 42.1440N129  7.3920E 250
YGBA  KS  HHZ  35 47.7240N129 23.1900E 138
YOCB  KS  HHZ  35 58.6260N128 57.0660E 143
BBK   KG  HHZ  35 34.7880N129 26.1360E  45
BOG   KG  HHZ  35 42.0840N129 12.4020E 136
CGU   KG  HHZ  35 49.1640N129 16.1880E 205
CHS   KG  HHZ  36 10.8660N129  5.2860E 240
DES   KG  HHZ  36  8.9400N129 18.3900E  75
DKJ   KG  HHZ  35 56.8080N129  6.5340E 173
DUC   KG  HHZ  35 44.6700N129 10.5480E 118
GCN   KG  HHZ  35 49.0200N129  8.1780E 121
GKP2  KG  HHZ  35 53.4360N128 36.3960E  52
HAK   KG  HHZ  35 55.7700N129 30.0240E  15
HCH   KG  HHZ  36  4.7580N129 18.3120E 100
HDB   KG  HHZ  35 44.0220N129 23.9400E 145
JUC   KG  HHZ  36  5.5440N129 24.8640E  28
MAK   KG  HHZ  35 22.2120N129 10.5900E 175
MKL   KG  HHZ  35 43.9320N129 14.5200E 186
OJR   KG  HHZ  36 13.9140N128 49.0380E 207
PKNU  KG  HHZ  35 16.9800N129 15.5100E   7
POHB  KG  HHZ  36  4.6680N129 21.1980E  99
POSB  KG  HHZ  36  1.5360N129 18.7080E 100
SIG   KG  HHZ  35 46.2480N129 19.5060E 100
UNI   KG  HHZ  35 34.4400N129 11.1000E  63
YSB   KG  HHZ  35 28.0860N129  4.7940E  75
